2024-11-29 15:08:24.458 INFO [api.stepDefinitions.Hooks:16] - *****************************************************************************************
2024-11-29 15:08:24.462 INFO [api.stepDefinitions.Hooks:17] - 	Scenario: Read details of an existing client
2024-11-29 15:08:24.462 INFO [api.stepDefinitions.Hooks:18] - *****************************************************************************************
2024-11-29 15:08:28.176 INFO [api.stepDefinitions.ClientSteps:27] - [
    {
        "name": "Zelma",
        "lastName": "Flatley",
        "country": "Argentina",
        "city": "Fort Mozelle",
        "email": "Leta_Marvin0@yahoo.com",
        "phone": "1-413-910-8165 x822",
        "id": "1"
    },
    {
        "name": "Dominic",
        "lastName": "Hickle",
        "country": "Albania",
        "city": "Seamusville",
        "email": "Rubye.Bashirian@hotmail.com",
        "phone": "767881169",
        "id": "2"
    },
    {
        "name": "Hertha",
        "lastName": "Sipes",
        "country": "Angola",
        "city": "West Todfurt",
        "email": "Marianne.Gerlach81@gmail.com",
        "phone": "(590) 778-5120 x992",
        "id": "3"
    },
    {
        "name": "Emery",
        "lastName": "Medhurst",
        "country": "Panama",
        "city": "South Alannacester",
        "email": "Caden.Mante@yahoo.com",
        "phone": "1-901-964-3265 x5332",
        "id": "4"
    },
    {
        "name": "Virginie",
        "lastName": "Sporer",
        "country": "France",
        "city": "Spencercester",
        "email": "Aron.Runolfsdottir@gmail.com",
        "phone": "745-435-4573 x06070",
        "id": "5"
    },
    {
        "name": "Ines",
        "lastName": "Davis",
        "country": "Mexico",
        "city": "Downey",
        "email": "Nico_Mosciski50@hotmail.com",
        "phone": "1-665-470-3495 x4770",
        "id": "6"
    },
    {
        "name": "Keon",
        "lastName": "Hirthe",
        "country": "Bermuda",
        "city": "East Sage",
        "email": "Summer.Kiehn@gmail.com",
        "phone": "1-245-924-8592",
        "id": "7"
    },
    {
        "name": "Muriel",
        "lastName": "Fadel",
        "country": "Reunion",
        "city": "New Shannonton",
        "email": "Erna_Kerluke14@hotmail.com",
        "phone": "1-225-203-7465",
        "id": "8"
    },
    {
        "name": "Dulce",
        "lastName": "Ledner",
        "country": "Cayman Islands",
        "city": "Gulfport",
        "email": "Kenyatta.Bergnaum75@gmail.com",
        "phone": "775.957.7164",
        "id": "9"
    },
    {
        "name": "Paris",
        "lastName": "Parker",
        "country": "Micronesia",
        "city": "Stephanybury",
        "email": "Joseph22@gmail.com",
        "phone": "796.861.1981 x6329",
        "id": "10"
    },
    {
        "name": "Jonas",
        "lastName": "Homenick",
        "country": "Colombia",
        "city": "Alanisstad",
        "email": "Aubree_Bechtelar63@gmail.com",
        "phone": "1-542-999-6024 x59649",
        "id": "11"
    },
    {
        "name": "Zelma",
        "lastName": "Muri",
        "country": "Argentina",
        "city": "Fort",
        "email": "sdfsdfs@yahoo.com",
        "phone": "1-413-910-8165 x822",
        "id": "12"
    }
]
2024-11-29 15:08:28.664 INFO [api.stepDefinitions.Hooks:24] - *****************************************************************************************
2024-11-29 15:08:28.665 INFO [api.stepDefinitions.Hooks:25] - 	Scenario finished: Read details of an existing client
2024-11-29 15:08:28.665 INFO [api.stepDefinitions.Hooks:26] - *****************************************************************************************
2024-11-29 15:42:54.516 INFO [api.stepDefinitions.Hooks:16] - *****************************************************************************************
2024-11-29 15:42:54.520 INFO [api.stepDefinitions.Hooks:17] - 	Scenario: Read details of an existing client
2024-11-29 15:42:54.521 INFO [api.stepDefinitions.Hooks:18] - *****************************************************************************************
2024-11-29 15:42:57.070 INFO [api.stepDefinitions.ClientSteps:27] - [
    {
        "name": "Zelma",
        "lastName": "Flatley",
        "country": "Argentina",
        "city": "Fort Mozelle",
        "email": "Leta_Marvin0@yahoo.com",
        "phone": "562248648",
        "id": "1"
    },
    {
        "name": "Dominic",
        "lastName": "Hickle",
        "country": "Albania",
        "city": "Seamusville",
        "email": "Rubye.Bashirian@hotmail.com",
        "phone": "609.650.8414 x2745",
        "id": "2"
    },
    {
        "name": "Hertha",
        "lastName": "Sipes",
        "country": "Angola",
        "city": "West Todfurt",
        "email": "Marianne.Gerlach81@gmail.com",
        "phone": "(590) 778-5120 x992",
        "id": "3"
    },
    {
        "name": "Emery",
        "lastName": "Medhurst",
        "country": "Panama",
        "city": "South Alannacester",
        "email": "Caden.Mante@yahoo.com",
        "phone": "1-901-964-3265 x5332",
        "id": "4"
    },
    {
        "name": "Laura",
        "lastName": "Sporer",
        "country": "France",
        "city": "Spencercester",
        "email": "Aron.Runolfsdottir@gmail.com",
        "phone": "530526269",
        "id": "5"
    },
    {
        "name": "Ines",
        "lastName": "Davis",
        "country": "Mexico",
        "city": "Downey",
        "email": "Nico_Mosciski50@hotmail.com",
        "phone": "1-665-470-3495 x4770",
        "id": "6"
    },
    {
        "name": "Keon",
        "lastName": "Hirthe",
        "country": "Bermuda",
        "city": "East Sage",
        "email": "Summer.Kiehn@gmail.com",
        "phone": "1-245-924-8592",
        "id": "7"
    },
    {
        "name": "Muriel",
        "lastName": "Fadel",
        "country": "Reunion",
        "city": "New Shannonton",
        "email": "Erna_Kerluke14@hotmail.com",
        "phone": "1-225-203-7465",
        "id": "8"
    },
    {
        "name": "Dulce",
        "lastName": "Ledner",
        "country": "Cayman Islands",
        "city": "Gulfport",
        "email": "Kenyatta.Bergnaum75@gmail.com",
        "phone": "775.957.7164",
        "id": "9"
    },
    {
        "name": "Paris",
        "lastName": "Parker",
        "country": "Micronesia",
        "city": "Stephanybury",
        "email": "Joseph22@gmail.com",
        "phone": "796.861.1981 x6329",
        "id": "10"
    }
]
2024-11-29 15:42:57.799 INFO [api.stepDefinitions.ClientSteps:53] - {
    "name": "Zelma",
    "lastName": "Flatley",
    "country": "Argentina",
    "city": "Fort Mozelle",
    "email": "Leta_Marvin0@yahoo.com",
    "phone": "562248648",
    "id": "1"
}
2024-11-29 15:42:57.800 INFO [api.stepDefinitions.ClientSteps:54] - The status code is: 200
2024-11-29 15:42:57.836 INFO [api.stepDefinitions.Hooks:24] - *****************************************************************************************
2024-11-29 15:42:57.836 INFO [api.stepDefinitions.Hooks:25] - 	Scenario finished: Read details of an existing client
2024-11-29 15:42:57.837 INFO [api.stepDefinitions.Hooks:26] - *****************************************************************************************
